<?xml version="1.0" encoding="UTF-8"?>
<!-- Generated by org.testng.reporters.JUnitReportReporter -->
<testsuite hostname="DESKTOP-5PBKTG0" failures="0" tests="3" name="com.testNG.TestNG_Ignore" time="0.027" errors="0" timestamp="2022-08-16T18:43:09 BST" skipped="2">
  <testcase classname="com.testNG.TestNG_Ignore" name="whiteBox" time="0.027"/>
  <testcase classname="com.testNG.TestNG_Ignore" name="blackBox">
    <skipped/>
  </testcase> <!-- blackBox -->
  <testcase classname="com.testNG.TestNG_Ignore" name="sanity">
    <skipped/>
  </testcase> <!-- sanity -->
</testsuite> <!-- com.testNG.TestNG_Ignore -->
