<?xml version="1.0" encoding="UTF-8"?>
<!-- Generated by org.testng.reporters.JUnitReportReporter -->
<testsuite hostname="DESKTOP-5PBKTG0" failures="0" tests="2" name="com.testNG.TestNG_DataProvider" time="0.028" errors="0" timestamp="2022-08-22T22:05:33 IST" skipped="0">
  <testcase classname="com.testNG.TestNG_DataProvider" name="methodData" time="0.006"/>
  <testcase classname="com.testNG.TestNG_DataProvider" name="methodData" time="0.022"/>
</testsuite> <!-- com.testNG.TestNG_DataProvider -->
