<?xml version="1.0" encoding="UTF-8"?>
<!-- Generated by org.testng.reporters.JUnitReportReporter -->
<testsuite hostname="DESKTOP-5PBKTG0" failures="0" tests="4" name="com.testNG.TestNG_GroupingTest" time="0.058" errors="0" timestamp="2022-08-20T10:41:45 IST" skipped="0">
  <testcase classname="com.testNG.TestNG_GroupingTest" name="aMethod" time="0.026"/>
  <testcase classname="com.testNG.TestNG_GroupingTest" name="eMethod" time="0.011"/>
  <testcase classname="com.testNG.TestNG_GroupingTest" name="fMethod" time="0.017"/>
  <testcase classname="com.testNG.TestNG_GroupingTest" name="cMethod" time="0.004"/>
</testsuite> <!-- com.testNG.TestNG_GroupingTest -->
