<?xml version="1.0" encoding="UTF-8"?>
<!-- Generated by org.testng.reporters.JUnitReportReporter -->
<testsuite hostname="DESKTOP-5PBKTG0" failures="0" tests="2" name="com.testNG.TestNG_TimeOut" time="2.066" errors="0" timestamp="2022-08-17T18:08:46 BST" skipped="0">
  <testcase classname="com.testNG.TestNG_TimeOut" name="child" time="0.025"/>
  <testcase classname="com.testNG.TestNG_TimeOut" name="parent" time="2.041"/>
</testsuite> <!-- com.testNG.TestNG_TimeOut -->
