<?xml version="1.0" encoding="UTF-8"?>
<!-- Generated by org.testng.reporters.JUnitReportReporter -->
<testsuite hostname="DESKTOP-5PBKTG0" failures="0" tests="2" name="com.testNG.TestNg_ParallelTest" time="4.068" errors="0" timestamp="2022-08-20T10:49:59 IST" skipped="0">
  <testcase classname="com.testNG.TestNg_ParallelTest" name="blackBox" time="2.034"/>
  <testcase classname="com.testNG.TestNg_ParallelTest" name="whiteBox" time="2.034"/>
</testsuite> <!-- com.testNG.TestNg_ParallelTest -->
