<?xml version="1.0" encoding="UTF-8"?>
<!-- Generated by org.testng.reporters.JUnitReportReporter -->
<testsuite hostname="DESKTOP-5PBKTG0" failures="0" tests="1" name="com.tryTestNG.TestNG_SimpleAnnotations" time="1.795" errors="0" timestamp="2022-08-24T10:21:12 IST" skipped="0">
  <testcase classname="com.tryTestNG.TestNG_SimpleAnnotations" name="login" time="1.795"/>
</testsuite> <!-- com.tryTestNG.TestNG_SimpleAnnotations -->
