<?xml version="1.0" encoding="UTF-8"?>
<!-- Generated by org.testng.reporters.JUnitReportReporter -->
<testsuite hostname="DESKTOP-5PBKTG0" failures="0" tests="2" name="com.testNG.TestNG_ParametersTest" time="0.030" errors="0" timestamp="2022-08-24T08:53:52 IST" skipped="0">
  <testcase classname="com.testNG.TestNG_ParametersTest" name="methodData2" time="0.004"/>
  <testcase classname="com.testNG.TestNG_ParametersTest" name="methodData1" time="0.026"/>
</testsuite> <!-- com.testNG.TestNG_ParametersTest -->
