<?xml version="1.0" encoding="UTF-8"?>
<!-- Generated by org.testng.reporters.JUnitReportReporter -->
<testsuite hostname="DESKTOP-5PBKTG0" failures="0" tests="3" name="com.testNG.TestNG_ExpectedExceptions" time="0.056" errors="0" timestamp="2022-08-17T17:58:23 BST" skipped="0">
  <testcase classname="com.testNG.TestNG_ExpectedExceptions" name="selenium" time="0.017"/>
  <testcase classname="com.testNG.TestNG_ExpectedExceptions" name="java" time="0.032"/>
  <testcase classname="com.testNG.TestNG_ExpectedExceptions" name="project" time="0.007"/>
</testsuite> <!-- com.testNG.TestNG_ExpectedExceptions -->
