<?xml version="1.0" encoding="UTF-8"?>
<!-- Generated by org.testng.reporters.JUnitReportReporter -->
<testsuite hostname="DESKTOP-5PBKTG0" failures="0" tests="4" name="com.testNG.TestNG_Priority" time="0.065" errors="0" timestamp="2022-08-16T18:55:12 BST" skipped="0">
  <testcase classname="com.testNG.TestNG_Priority" name="sanity" time="0.032"/>
  <testcase classname="com.testNG.TestNG_Priority" name="whiteBox" time="0.007"/>
  <testcase classname="com.testNG.TestNG_Priority" name="smoke" time="0.018"/>
  <testcase classname="com.testNG.TestNG_Priority" name="blackBox" time="0.008"/>
</testsuite> <!-- com.testNG.TestNG_Priority -->
