<?xml version="1.0" encoding="UTF-8"?>
<!-- Generated by org.testng.reporters.JUnitReportReporter -->
<testsuite hostname="DESKTOP-5PBKTG0" failures="0" tests="2" name="com.testNG.TestNG_CrossBrowser" time="0.026" errors="0" timestamp="2022-08-24T09:39:33 IST" skipped="0">
  <testcase classname="com.testNG.TestNG_CrossBrowser" name="login" time="0.021"/>
  <testcase classname="com.testNG.TestNG_CrossBrowser" name="login" time="0.005"/>
</testsuite> <!-- com.testNG.TestNG_CrossBrowser -->
