<?xml version="1.0" encoding="UTF-8"?>
<!-- Generated by org.testng.reporters.JUnitReportReporter -->
<testsuite hostname="DESKTOP-5PBKTG0" failures="0" tests="2" name="com.testNG.Simple_Annotations" time="0.032" errors="0" timestamp="2022-08-14T08:59:54 BST" skipped="0">
  <testcase classname="com.testNG.Simple_Annotations" name="searchLaptop" time="0.019"/>
  <testcase classname="com.testNG.Simple_Annotations" name="searchMobile" time="0.013"/>
</testsuite> <!-- com.testNG.Simple_Annotations -->
