<?xml version="1.0" encoding="UTF-8"?>
<!-- Generated by org.testng.reporters.JUnitReportReporter -->
<testsuite hostname="DESKTOP-5PBKTG0" failures="0" tests="7" name="com.testNG.TestNG_InvocationCount" time="0.089" errors="0" timestamp="2022-08-17T17:48:03 BST" skipped="0">
  <testcase classname="com.testNG.TestNG_InvocationCount" name="cMethod" time="0.009"/>
  <testcase classname="com.testNG.TestNG_InvocationCount" name="bMethod" time="0.008"/>
  <testcase classname="com.testNG.TestNG_InvocationCount" name="bMethod" time="0.017"/>
  <testcase classname="com.testNG.TestNG_InvocationCount" name="aMethod" time="0.027"/>
  <testcase classname="com.testNG.TestNG_InvocationCount" name="bMethod" time="0.008"/>
  <testcase classname="com.testNG.TestNG_InvocationCount" name="bMethod" time="0.013"/>
  <testcase classname="com.testNG.TestNG_InvocationCount" name="bMethod" time="0.007"/>
</testsuite> <!-- com.testNG.TestNG_InvocationCount -->
