<?xml version="1.0" encoding="UTF-8"?>
<!-- Generated by org.testng.reporters.JUnitReportReporter -->
<testsuite hostname="DESKTOP-5PBKTG0" failures="0" tests="3" name="com.testNG.TestNG_DependencyTest" time="0.051" errors="0" timestamp="2022-08-20T10:13:39 IST" skipped="0">
  <testcase classname="com.testNG.TestNG_DependencyTest" name="getUrl" time="0.028"/>
  <testcase classname="com.testNG.TestNG_DependencyTest" name="login" time="0.008"/>
  <testcase classname="com.testNG.TestNG_DependencyTest" name="logOut" time="0.015"/>
</testsuite> <!-- com.testNG.TestNG_DependencyTest -->
